{"/Users/joyce/Desktop/ESC-C3G3-Ascenda/backend/Model/programModel.js": {"path":"/Users/joyce/Desktop/ESC-C3G3-Ascenda/backend/Model/programModel.js","statementMap":{"0":{"start":{"line":1,"column":17},"end":{"line":1,"column":36}},"1":{"start":{"line":4,"column":13},"end":{"line":4,"column":57}},"2":{"start":{"line":5,"column":15},"end":{"line":5,"column":30}},"3":{"start":{"line":8,"column":23},"end":{"line":20,"column":2}},"4":{"start":{"line":22,"column":0},"end":{"line":22,"column":57}}},"fnMap":{},"branchMap":{},"s":{"0":1,"1":1,"2":1,"3":1,"4":1},"f":{},"b":{},"_coverageSchema":"1a1c01bbd47fc00a2c39e90264f33305004495a9","hash":"568a2193536069b8db8e49dedd04735eb7250566"}
,"/Users/joyce/Desktop/ESC-C3G3-Ascenda/backend/Model/transactionDetailModel.js": {"path":"/Users/joyce/Desktop/ESC-C3G3-Ascenda/backend/Model/transactionDetailModel.js","statementMap":{"0":{"start":{"line":1,"column":17},"end":{"line":1,"column":36}},"1":{"start":{"line":3,"column":13},"end":{"line":3,"column":57}},"2":{"start":{"line":4,"column":15},"end":{"line":4,"column":30}},"3":{"start":{"line":6,"column":27},"end":{"line":15,"column":2}},"4":{"start":{"line":17,"column":0},"end":{"line":17,"column":62}}},"fnMap":{},"branchMap":{},"s":{"0":1,"1":1,"2":1,"3":1,"4":1},"f":{},"b":{},"_coverageSchema":"1a1c01bbd47fc00a2c39e90264f33305004495a9","hash":"321d3170e2675d14b3da8fb463225a37d796a7fe"}
}
